<?xml version="1.0" encoding="UTF-8"?>
<!-- Generated by org.testng.reporters.JUnitReportReporter -->
<testsuite hostname="LAPTOP-8ANFSSC4" failures="0" tests="1" name="com.celtic.automation.cmcs.testrunner.MyTestRunner" time="152.122" errors="1" timestamp="2022-11-30T19:09:47 IST" skipped="0">
  <testcase classname="com.celtic.automation.cmcs.testrunner.MyTestRunner" name="runScenario" time="152.122">
    <error message="element click intercepted: Element &lt;input class=&quot;btn-primary btn-w-m btn&quot; id=&quot;btnProceed&quot; name=&quot;btnProceed&quot; onclick=&quot;javascript: formSubmit(event, &#039;Proceed&#039;,document.forms[0]); &quot; type=&quot;button&quot; value=&quot;Proceed&quot; accesskey=&quot;p&quot; title=&quot;Alt + P&quot;&gt; is not clickable at point (686, 540). Other element would receive the click: &lt;td class=&quot;AlignRight&quot;&gt;...&lt;/td&gt;
  (Session info: chrome=108.0.5359.71)
Build info: version: &#039;4.3.0&#039;, revision: &#039;a4995e2c09*&#039;
System info: host: &#039;LAPTOP-8ANFSSC4&#039;, ip: &#039;192.168.0.115&#039;, os.name: &#039;Windows 11&#039;, os.arch: &#039;amd64&#039;, os.version: &#039;10.0&#039;, java.version: &#039;17.0.3&#039;
Driver info: org.openqa.selenium.chrome.ChromeDriver
Command: [9b186b8fc8fc7eeb71f4f89533559ca1, clickElement {id=7e6e701c-6ac0-4cd5-a698-4fc1e7efabb0}]
Capabilities {acceptInsecureCerts: false, browserName: chrome, browserVersion: 108.0.5359.71, chrome: {chromedriverVersion: 108.0.5359.71 (1e0e3868ee06..., userDataDir: C:\Users\HP\AppData\Local\T...}, goog:chromeOptions: {debuggerAddress: localhost:58411}, networkConnectionEnabled: false, pageLoadStrategy: normal, platformName: WINDOWS, proxy: Proxy(), se:cdp: ws://localhost:58411/devtoo..., se:cdpVersion: 108.0.5359.71, setWindowRect: true, strictFileInteractability: false, timeouts: {implicit: 0, pageLoad: 300000, script: 30000}, unhandledPromptBehavior: dismiss and notify, webauthn:extension:credBlob: true, webauthn:extension:largeBlob: true, webauthn:virtualAuthenticators: true}
Element: [[ChromeDriver: chrome on WINDOWS (9b186b8fc8fc7eeb71f4f89533559ca1)] -&gt; xpath: //input[@id=&#039;btnProceed&#039;]]
Session ID: 9b186b8fc8fc7eeb71f4f89533559ca1" type="org.openqa.selenium.ElementClickInterceptedException">
      <![CDATA[org.openqa.selenium.ElementClickInterceptedException: element click intercepted: Element <input class="btn-primary btn-w-m btn" id="btnProceed" name="btnProceed" onclick="javascript: formSubmit(event, 'Proceed',document.forms[0]); " type="button" value="Proceed" accesskey="p" title="Alt + P"> is not clickable at point (686, 540). Other element would receive the click: <td class="AlignRight">...</td>
  (Session info: chrome=108.0.5359.71)
Build info: version: '4.3.0', revision: 'a4995e2c09*'
System info: host: 'LAPTOP-8ANFSSC4', ip: '192.168.0.115', os.name: 'Windows 11', os.arch: 'amd64', os.version: '10.0', java.version: '17.0.3'
Driver info: org.openqa.selenium.chrome.ChromeDriver
Command: [9b186b8fc8fc7eeb71f4f89533559ca1, clickElement {id=7e6e701c-6ac0-4cd5-a698-4fc1e7efabb0}]
Capabilities {acceptInsecureCerts: false, browserName: chrome, browserVersion: 108.0.5359.71, chrome: {chromedriverVersion: 108.0.5359.71 (1e0e3868ee06..., userDataDir: C:\Users\HP\AppData\Local\T...}, goog:chromeOptions: {debuggerAddress: localhost:58411}, networkConnectionEnabled: false, pageLoadStrategy: normal, platformName: WINDOWS, proxy: Proxy(), se:cdp: ws://localhost:58411/devtoo..., se:cdpVersion: 108.0.5359.71, setWindowRect: true, strictFileInteractability: false, timeouts: {implicit: 0, pageLoad: 300000, script: 30000}, unhandledPromptBehavior: dismiss and notify, webauthn:extension:credBlob: true, webauthn:extension:largeBlob: true, webauthn:virtualAuthenticators: true}
Element: [[ChromeDriver: chrome on WINDOWS (9b186b8fc8fc7eeb71f4f89533559ca1)] -> xpath: //input[@id='btnProceed']]
Session ID: 9b186b8fc8fc7eeb71f4f89533559ca1
at java.base/jdk.internal.reflect.NativeConstructorAccessorImpl.newInstance0(Native Method)
at java.base/jdk.internal.reflect.NativeConstructorAccessorImpl.newInstance(NativeConstructorAccessorImpl.java:77)
at java.base/jdk.internal.reflect.DelegatingConstructorAccessorImpl.newInstance(DelegatingConstructorAccessorImpl.java:45)
at java.base/java.lang.reflect.Constructor.newInstanceWithCaller(Constructor.java:499)
at java.base/java.lang.reflect.Constructor.newInstance(Constructor.java:480)
at org.openqa.selenium.remote.codec.w3c.W3CHttpResponseCodec.createException(W3CHttpResponseCodec.java:200)
at org.openqa.selenium.remote.codec.w3c.W3CHttpResponseCodec.decode(W3CHttpResponseCodec.java:133)
at org.openqa.selenium.remote.codec.w3c.W3CHttpResponseCodec.decode(W3CHttpResponseCodec.java:53)
at org.openqa.selenium.remote.HttpCommandExecutor.execute(HttpCommandExecutor.java:184)
at org.openqa.selenium.remote.service.DriverCommandExecutor.invokeExecute(DriverCommandExecutor.java:167)
at org.openqa.selenium.remote.service.DriverCommandExecutor.execute(DriverCommandExecutor.java:142)
at org.openqa.selenium.remote.RemoteWebDriver.execute(RemoteWebDriver.java:569)
at org.openqa.selenium.remote.RemoteWebElement.execute(RemoteWebElement.java:257)
at org.openqa.selenium.remote.RemoteWebElement.click(RemoteWebElement.java:78)
at jdk.internal.reflect.GeneratedMethodAccessor73.invoke(Unknown Source)
at java.base/jdk.internal.reflect.DelegatingMethodAccessorImpl.invoke(DelegatingMethodAccessorImpl.java:43)
at java.base/java.lang.reflect.Method.invoke(Method.java:568)
at org.openqa.selenium.support.pagefactory.internal.LocatingElementHandler.invoke(LocatingElementHandler.java:52)
at jdk.proxy2/jdk.proxy2.$Proxy32.click(Unknown Source)
at com.celtic.automation.cmcs.util.ElementUtil.clickElement(ElementUtil.java:337)
at com.celtic.automation.cmcs.pages.CommonObjects.clickProceed(CommonObjects.java:136)
at com.celtic.automation.cmcs.parallel.RWC001.user_will_navigate_to_weight_group_section_and_fill_the_data_ans_validate_message(RWC001.java:485)
at âœ½.User will navigate to Weight group section and fill the data ans validate message "IRPMLG13 : [I] Renewal Distance has been generated."(file:///C:/Users/HP/Downloads/celtic-main(3)/celtic-main/src/test/resources/parallel/RWC001.feature:10)
]]>
    </error>
  </testcase> <!-- runScenario -->
  <system-out/>
</testsuite> <!-- com.celtic.automation.cmcs.testrunner.MyTestRunner -->
